[2018-09-23 09:04:11] log.DEBUG Monaco infligge un danno di 12 a Mostro
[2018-09-23 09:04:11] log.DEBUG Mostro segna un colpo a vuoto 
[2018-09-23 09:04:11] log.DEBUG Monaco infligge un danno di 7 a Mostro
[2018-09-23 09:04:11] log.DEBUG Mostro infligge un danno di 8 a Monaco
[2018-09-23 09:04:11] log.DEBUG Monaco segna un colpo a vuoto 
[2018-09-23 09:04:11] log.DEBUG Mostro infligge un danno di 9 a Monaco
[2018-09-23 09:04:11] log.DEBUG Monaco segna un colpo a vuoto 
[2018-09-23 09:04:11] log.DEBUG Mostro infligge un danno di 13 a Monaco
[2018-09-23 09:04:11] log.DEBUG Monaco segna un colpo a vuoto 
[2018-09-23 09:04:11] log.DEBUG Mostro segna un colpo a vuoto 
[2018-09-23 09:04:11] log.DEBUG Monaco segna un colpo a vuoto 
[2018-09-23 09:04:11] log.DEBUG Mostro segna un colpo a vuoto 
[2018-09-23 09:04:11] log.DEBUG Monaco segna un colpo a vuoto 
[2018-09-23 09:04:11] log.DEBUG Mostro segna un colpo a vuoto 
[2018-09-23 09:04:11] log.DEBUG Monaco infligge un danno di 14 a Mostro
[2018-09-23 09:04:11] log.DEBUG Mostro segna un colpo a vuoto 
[2018-09-23 09:04:11] log.DEBUG Monaco infligge un danno di 11 a Mostro
[2018-09-23 09:04:11] log.DEBUG Mostro infligge un danno di 10 a Monaco
[2018-09-23 09:04:11] log.DEBUG Monaco segna un colpo a vuoto 
[2018-09-23 09:04:11] log.DEBUG Mostro infligge un danno di 9 a Monaco
[2018-09-23 09:04:11] log.DEBUG Monaco infligge un danno di 13 a Mostro
[2018-09-23 09:04:11] log.DEBUG Mostro segna un colpo a vuoto 
[2018-09-23 09:04:11] log.DEBUG Monaco infligge un danno di 14 a Mostro
[2018-09-23 09:04:11] log.DEBUG Monaco vince l'incontro
[2018-09-23 09:04:24] log.DEBUG Monaco infligge un danno di 6 a Mostro
[2018-09-23 09:04:24] log.DEBUG Mostro infligge un danno di 6 a Monaco
[2018-09-23 09:04:24] log.DEBUG Monaco segna un colpo a vuoto 
[2018-09-23 09:04:24] log.DEBUG Mostro infligge un danno di 11 a Monaco
[2018-09-23 09:04:24] log.DEBUG Monaco segna un colpo a vuoto 
[2018-09-23 09:04:24] log.DEBUG Mostro segna un colpo a vuoto 
[2018-09-23 09:04:24] log.DEBUG Monaco infligge un danno di 7 a Mostro
[2018-09-23 09:04:24] log.DEBUG Mostro segna un colpo a vuoto 
[2018-09-23 09:04:24] log.DEBUG Monaco segna un colpo a vuoto 
[2018-09-23 09:04:24] log.DEBUG Mostro infligge un danno di 12 a Monaco
[2018-09-23 09:04:24] log.DEBUG Monaco infligge un danno di 11 a Mostro
[2018-09-23 09:04:24] log.DEBUG Mostro segna un colpo a vuoto 
[2018-09-23 09:04:24] log.DEBUG Monaco infligge un danno di 14 a Mostro
[2018-09-23 09:04:24] log.DEBUG Mostro infligge un danno di 9 a Monaco
[2018-09-23 09:04:24] log.DEBUG Monaco segna un colpo a vuoto 
[2018-09-23 09:04:24] log.DEBUG Mostro infligge un danno di 6 a Monaco
[2018-09-23 09:04:24] log.DEBUG Monaco infligge un danno di 5 a Mostro
[2018-09-23 09:04:24] log.DEBUG Mostro segna un colpo a vuoto 
[2018-09-23 09:04:24] log.DEBUG Monaco segna un colpo a vuoto 
[2018-09-23 09:04:24] log.DEBUG Mostro segna un colpo a vuoto 
[2018-09-23 09:04:24] log.DEBUG Monaco segna un colpo a vuoto 
[2018-09-23 09:04:24] log.DEBUG Mostro segna un colpo a vuoto 
[2018-09-23 09:04:24] log.DEBUG Monaco segna un colpo a vuoto 
[2018-09-23 09:04:24] log.DEBUG Mostro infligge un danno di 5 a Monaco
[2018-09-23 09:04:24] log.DEBUG Monaco infligge un danno di 7 a Mostro
[2018-09-23 09:04:24] log.DEBUG Mostro infligge un danno di 7 a Monaco
[2018-09-23 09:04:24] log.DEBUG Monaco infligge un danno di 12 a Mostro
[2018-09-23 09:04:24] log.DEBUG Monaco vince l'incontro
[2018-09-23 20:47:23] log.DEBUG Monaco infligge un danno di 5 a Mostro
[2018-09-23 20:47:23] log.DEBUG Mostro segna un colpo a vuoto 
[2018-09-23 20:47:23] log.DEBUG Monaco infligge un danno di 13 a Mostro
[2018-09-23 20:47:23] log.DEBUG Mostro segna un colpo a vuoto 
[2018-09-23 20:47:23] log.DEBUG Monaco segna un colpo a vuoto 
[2018-09-23 20:47:23] log.DEBUG Mostro segna un colpo a vuoto 
[2018-09-23 20:47:23] log.DEBUG Monaco infligge un danno di 9 a Mostro
[2018-09-23 20:47:23] log.DEBUG Mostro segna un colpo a vuoto 
[2018-09-23 20:47:23] log.DEBUG Monaco segna un colpo a vuoto 
[2018-09-23 20:47:23] log.DEBUG Mostro segna un colpo a vuoto 
[2018-09-23 20:47:23] log.DEBUG Monaco segna un colpo a vuoto 
[2018-09-23 20:47:23] log.DEBUG Mostro infligge un danno di 9 a Monaco
[2018-09-23 20:47:23] log.DEBUG Monaco segna un colpo a vuoto 
[2018-09-23 20:47:23] log.DEBUG Mostro infligge un danno di 6 a Monaco
[2018-09-23 20:47:23] log.DEBUG Monaco infligge un danno di 10 a Mostro
[2018-09-23 20:47:23] log.DEBUG Mostro infligge un danno di 11 a Monaco
[2018-09-23 20:47:23] log.DEBUG Monaco segna un colpo a vuoto 
[2018-09-23 20:47:23] log.DEBUG Mostro infligge un danno di 14 a Monaco
[2018-09-23 20:47:23] log.DEBUG Monaco infligge un danno di 6 a Mostro
[2018-09-23 20:47:23] log.DEBUG Mostro infligge un danno di 8 a Monaco
[2018-09-23 20:47:23] log.DEBUG Monaco infligge un danno di 11 a Mostro
[2018-09-23 20:47:23] log.DEBUG Mostro infligge un danno di 8 a Monaco
[2018-09-23 20:47:23] log.DEBUG Monaco infligge un danno di 11 a Mostro
[2018-09-23 20:47:34] log.DEBUG Monaco segna un colpo a vuoto 
[2018-09-23 20:47:34] log.DEBUG Mostro segna un colpo a vuoto 
[2018-09-23 20:47:34] log.DEBUG Monaco infligge un danno di 7 a Mostro
[2018-09-23 20:47:34] log.DEBUG Mostro infligge un danno di 11 a Monaco
[2018-09-23 20:47:34] log.DEBUG Monaco infligge un danno di 7 a Mostro
[2018-09-23 20:47:34] log.DEBUG Mostro segna un colpo a vuoto 
[2018-09-23 20:47:34] log.DEBUG Monaco segna un colpo a vuoto 
[2018-09-23 20:47:34] log.DEBUG Mostro segna un colpo a vuoto 
[2018-09-23 20:47:34] log.DEBUG Monaco segna un colpo a vuoto 
[2018-09-23 20:47:34] log.DEBUG Mostro infligge un danno di 11 a Monaco
[2018-09-23 20:47:34] log.DEBUG Monaco infligge un danno di 8 a Mostro
[2018-09-23 20:47:34] log.DEBUG Mostro segna un colpo a vuoto 
[2018-09-23 20:47:34] log.DEBUG Monaco infligge un danno di 8 a Mostro
[2018-09-23 20:47:34] log.DEBUG Mostro infligge un danno di 12 a Monaco
[2018-09-23 20:47:34] log.DEBUG Monaco segna un colpo a vuoto 
[2018-09-23 20:47:34] log.DEBUG Mostro segna un colpo a vuoto 
[2018-09-23 20:47:34] log.DEBUG Monaco segna un colpo a vuoto 
[2018-09-23 20:47:34] log.DEBUG Mostro segna un colpo a vuoto 
[2018-09-23 20:47:34] log.DEBUG Monaco segna un colpo a vuoto 
[2018-09-23 20:47:34] log.DEBUG Mostro segna un colpo a vuoto 
[2018-09-23 20:47:34] log.DEBUG Monaco infligge un danno di 10 a Mostro
[2018-09-23 20:47:34] log.DEBUG Mostro segna un colpo a vuoto 
[2018-09-23 20:47:34] log.DEBUG Monaco segna un colpo a vuoto 
[2018-09-23 20:47:34] log.DEBUG Mostro infligge un danno di 12 a Monaco
[2018-09-23 20:47:34] log.DEBUG Monaco infligge un danno di 5 a Mostro
[2018-09-23 20:47:34] log.DEBUG Mostro infligge un danno di 11 a Monaco
[2018-09-23 20:47:34] log.DEBUG Monaco infligge un danno di 5 a Mostro
[2018-09-23 20:47:34] log.DEBUG Mostro segna un colpo a vuoto 
[2018-09-23 20:47:34] log.DEBUG Monaco infligge un danno di 11 a Mostro
[2018-09-23 20:47:48] log.DEBUG Monaco infligge un danno di 9 a Mostro
[2018-09-23 20:47:48] log.DEBUG Mostro segna un colpo a vuoto 
[2018-09-23 20:47:48] log.DEBUG Monaco segna un colpo a vuoto 
[2018-09-23 20:47:48] log.DEBUG Mostro infligge un danno di 8 a Monaco
[2018-09-23 20:47:48] log.DEBUG Monaco segna un colpo a vuoto 
[2018-09-23 20:47:48] log.DEBUG Mostro segna un colpo a vuoto 
[2018-09-23 20:47:48] log.DEBUG Monaco infligge un danno di 10 a Mostro
[2018-09-23 20:47:48] log.DEBUG Mostro infligge un danno di 8 a Monaco
[2018-09-23 20:47:48] log.DEBUG Monaco segna un colpo a vuoto 
[2018-09-23 20:47:48] log.DEBUG Mostro segna un colpo a vuoto 
[2018-09-23 20:47:48] log.DEBUG Monaco infligge un danno di 14 a Mostro
[2018-09-23 20:47:48] log.DEBUG Mostro segna un colpo a vuoto 
[2018-09-23 20:47:48] log.DEBUG Monaco infligge un danno di 6 a Mostro
[2018-09-23 20:47:48] log.DEBUG Mostro infligge un danno di 7 a Monaco
[2018-09-23 20:47:48] log.DEBUG Monaco infligge un danno di 6 a Mostro
[2018-09-23 20:47:48] log.DEBUG Mostro segna un colpo a vuoto 
[2018-09-23 20:47:48] log.DEBUG Monaco segna un colpo a vuoto 
[2018-09-23 20:47:48] log.DEBUG Mostro segna un colpo a vuoto 
[2018-09-23 20:47:48] log.DEBUG Monaco segna un colpo a vuoto 
[2018-09-23 20:47:48] log.DEBUG Mostro segna un colpo a vuoto 
[2018-09-23 20:47:48] log.DEBUG Monaco infligge un danno di 6 a Mostro
[2018-09-23 20:47:48] log.DEBUG Mostro segna un colpo a vuoto 
[2018-09-23 20:47:48] log.DEBUG Monaco segna un colpo a vuoto 
[2018-09-23 20:47:48] log.DEBUG Mostro infligge un danno di 9 a Monaco
[2018-09-23 20:47:48] log.DEBUG Monaco segna un colpo a vuoto 
[2018-09-23 20:47:48] log.DEBUG Mostro infligge un danno di 11 a Monaco
[2018-09-23 20:47:48] log.DEBUG Monaco segna un colpo a vuoto 
[2018-09-23 20:47:48] log.DEBUG Mostro infligge un danno di 8 a Monaco
[2018-09-23 20:47:48] log.DEBUG Monaco segna un colpo a vuoto 
[2018-09-23 20:47:48] log.DEBUG Mostro infligge un danno di 12 a Monaco
[2018-09-23 20:48:31] log.DEBUG Monaco infligge un danno di 7 a Mostro
[2018-09-23 20:48:31] log.DEBUG Mostro segna un colpo a vuoto 
[2018-09-23 20:48:31] log.DEBUG Monaco segna un colpo a vuoto 
[2018-09-23 20:48:31] log.DEBUG Mostro infligge un danno di 9 a Monaco
[2018-09-23 20:48:31] log.DEBUG Monaco infligge un danno di 11 a Mostro
[2018-09-23 20:48:31] log.DEBUG Mostro segna un colpo a vuoto 
[2018-09-23 20:48:31] log.DEBUG Monaco infligge un danno di 8 a Mostro
[2018-09-23 20:48:31] log.DEBUG Mostro segna un colpo a vuoto 
[2018-09-23 20:48:31] log.DEBUG Monaco infligge un danno di 8 a Mostro
[2018-09-23 20:48:31] log.DEBUG Mostro segna un colpo a vuoto 
[2018-09-23 20:48:31] log.DEBUG Monaco infligge un danno di 13 a Mostro
[2018-09-23 20:48:31] log.DEBUG Mostro segna un colpo a vuoto 
[2018-09-23 20:48:31] log.DEBUG Monaco infligge un danno di 10 a Mostro
[2018-09-23 20:48:31] log.DEBUG Mostro infligge un danno di 7 a Monaco
[2018-09-23 20:48:31] log.DEBUG Monaco infligge un danno di 11 a Mostro
[2018-09-23 20:50:07] log.DEBUG Monaco segna un colpo a vuoto 
[2018-09-23 20:50:07] log.DEBUG Mostro infligge un danno di 6 a Monaco
[2018-09-23 20:50:07] log.DEBUG Monaco segna un colpo a vuoto 
[2018-09-23 20:50:07] log.DEBUG Mostro infligge un danno di 5 a Monaco
[2018-09-23 20:50:07] log.DEBUG Monaco infligge un danno di 9 a Mostro
[2018-09-23 20:50:07] log.DEBUG Mostro segna un colpo a vuoto 
[2018-09-23 20:50:07] log.DEBUG Monaco infligge un danno di 11 a Mostro
[2018-09-23 20:50:07] log.DEBUG Mostro segna un colpo a vuoto 
[2018-09-23 20:50:07] log.DEBUG Monaco infligge un danno di 8 a Mostro
[2018-09-23 20:50:07] log.DEBUG Mostro segna un colpo a vuoto 
[2018-09-23 20:50:07] log.DEBUG Monaco segna un colpo a vuoto 
[2018-09-23 20:50:07] log.DEBUG Mostro infligge un danno di 5 a Monaco
[2018-09-23 20:50:07] log.DEBUG Monaco segna un colpo a vuoto 
[2018-09-23 20:50:07] log.DEBUG Mostro infligge un danno di 13 a Monaco
[2018-09-23 20:50:07] log.DEBUG Monaco infligge un danno di 10 a Mostro
[2018-09-23 20:50:07] log.DEBUG Mostro segna un colpo a vuoto 
[2018-09-23 20:50:07] log.DEBUG Monaco infligge un danno di 8 a Mostro
[2018-09-23 20:50:07] log.DEBUG Mostro infligge un danno di 8 a Monaco
[2018-09-23 20:50:07] log.DEBUG Monaco infligge un danno di 13 a Mostro
[2018-09-23 20:50:07] log.DEBUG Mostro infligge un danno di 14 a Monaco
[2018-09-23 20:50:07] log.DEBUG Monaco infligge un danno di 7 a Mostro
[2018-09-23 20:50:28] log.DEBUG Monaco segna un colpo a vuoto 
[2018-09-23 20:50:28] log.DEBUG Mostro segna un colpo a vuoto 
[2018-09-23 20:50:28] log.DEBUG Monaco infligge un danno di 5 a Mostro
[2018-09-23 20:50:28] log.DEBUG Mostro infligge un danno di 14 a Monaco
[2018-09-23 20:50:28] log.DEBUG Monaco infligge un danno di 6 a Mostro
[2018-09-23 20:50:28] log.DEBUG Mostro segna un colpo a vuoto 
[2018-09-23 20:50:28] log.DEBUG Monaco infligge un danno di 10 a Mostro
[2018-09-23 20:50:28] log.DEBUG Mostro infligge un danno di 6 a Monaco
[2018-09-23 20:50:28] log.DEBUG Monaco segna un colpo a vuoto 
[2018-09-23 20:50:28] log.DEBUG Mostro segna un colpo a vuoto 
[2018-09-23 20:50:28] log.DEBUG Monaco infligge un danno di 10 a Mostro
[2018-09-23 20:50:28] log.DEBUG Mostro segna un colpo a vuoto 
[2018-09-23 20:50:28] log.DEBUG Monaco segna un colpo a vuoto 
[2018-09-23 20:50:28] log.DEBUG Mostro segna un colpo a vuoto 
[2018-09-23 20:50:28] log.DEBUG Monaco infligge un danno di 8 a Mostro
[2018-09-23 20:50:28] log.DEBUG Mostro infligge un danno di 5 a Monaco
[2018-09-23 20:50:28] log.DEBUG Monaco infligge un danno di 8 a Mostro
[2018-09-23 20:50:28] log.DEBUG Mostro segna un colpo a vuoto 
[2018-09-23 20:50:28] log.DEBUG Monaco segna un colpo a vuoto 
[2018-09-23 20:50:28] log.DEBUG Mostro segna un colpo a vuoto 
[2018-09-23 20:50:28] log.DEBUG Monaco segna un colpo a vuoto 
[2018-09-23 20:50:28] log.DEBUG Mostro infligge un danno di 9 a Monaco
[2018-09-23 20:50:28] log.DEBUG Monaco infligge un danno di 6 a Mostro
[2018-09-23 20:50:28] log.DEBUG Mostro infligge un danno di 10 a Monaco
[2018-09-23 20:50:28] log.DEBUG Monaco segna un colpo a vuoto 
[2018-09-23 20:50:28] log.DEBUG Mostro infligge un danno di 6 a Monaco
[2018-09-23 20:50:28] log.DEBUG Monaco infligge un danno di 6 a Mostro
[2018-09-23 20:50:28] log.DEBUG Mostro segna un colpo a vuoto 
[2018-09-23 20:50:28] log.DEBUG Monaco segna un colpo a vuoto 
[2018-09-23 20:50:28] log.DEBUG Mostro infligge un danno di 6 a Monaco
[2018-09-23 20:50:28] log.DEBUG Monaco infligge un danno di 5 a Mostro
[2018-09-23 20:50:59] log.DEBUG Monaco infligge un danno di 11 a Mostro
[2018-09-23 20:50:59] log.DEBUG Mostro infligge un danno di 11 a Monaco
[2018-09-23 20:50:59] log.DEBUG Monaco infligge un danno di 14 a Mostro
[2018-09-23 20:50:59] log.DEBUG Mostro segna un colpo a vuoto 
[2018-09-23 20:50:59] log.DEBUG Monaco segna un colpo a vuoto 
[2018-09-23 20:50:59] log.DEBUG Mostro infligge un danno di 13 a Monaco
[2018-09-23 20:50:59] log.DEBUG Monaco segna un colpo a vuoto 
[2018-09-23 20:50:59] log.DEBUG Mostro segna un colpo a vuoto 
[2018-09-23 20:50:59] log.DEBUG Monaco infligge un danno di 11 a Mostro
[2018-09-23 20:50:59] log.DEBUG Mostro infligge un danno di 11 a Monaco
[2018-09-23 20:50:59] log.DEBUG Monaco infligge un danno di 5 a Mostro
[2018-09-23 20:50:59] log.DEBUG Mostro segna un colpo a vuoto 
[2018-09-23 20:50:59] log.DEBUG Monaco segna un colpo a vuoto 
[2018-09-23 20:50:59] log.DEBUG Mostro infligge un danno di 14 a Monaco
[2018-09-23 20:50:59] log.DEBUG Monaco infligge un danno di 7 a Mostro
[2018-09-23 20:50:59] log.DEBUG Mostro infligge un danno di 11 a Monaco
